<?xml version="1.0" encoding="UTF-8"?>
<!-- Generated by org.testng.reporters.JUnitReportReporter -->
<testsuite hostname="DESKTOP-AKNCFH9" failures="0" tests="4" name="com.qa.opencart.test.LoginPageTest" time="19.738" errors="0" timestamp="2022-04-19T21:12:40 IST" skipped="0">
  <testcase classname="com.qa.opencart.test.LoginPageTest" name="loginPageTest" time="0.126"/>
  <system-out/>
  <testcase classname="com.qa.opencart.test.LoginPageTest" name="loginPageURLTest" time="0.059"/>
  <system-out/>
  <testcase classname="com.qa.opencart.test.LoginPageTest" name="verifyForgotPwdLink" time="0.138"/>
  <system-out/>
  <testcase classname="com.qa.opencart.test.LoginPageTest" name="loginTest" time="19.415"/>
  <system-out/>
</testsuite> <!-- com.qa.opencart.test.LoginPageTest -->
