<?xml version="1.0" encoding="UTF-8"?>
<!-- Generated by org.testng.reporters.JUnitReportReporter -->
<testsuite hostname="DESKTOP-AKNCFH9" failures="0" tests="4" name="com.qa.opencart.test.LoginPageTest" time="3.819" errors="0" timestamp="2022-04-23T16:11:37 IST" skipped="0">
  <testcase classname="com.qa.opencart.test.LoginPageTest" name="loginPageTest" time="0.305"/>
  <system-out/>
  <testcase classname="com.qa.opencart.test.LoginPageTest" name="loginPageURLTest" time="0.034"/>
  <system-out/>
  <testcase classname="com.qa.opencart.test.LoginPageTest" name="verifyForgotPwdLink" time="0.115"/>
  <system-out/>
  <testcase classname="com.qa.opencart.test.LoginPageTest" name="loginTest" time="3.365"/>
  <system-out/>
</testsuite> <!-- com.qa.opencart.test.LoginPageTest -->
